running egg_info
creating ../../build/four_wheel_bot_description/four_wheel_bot_description.egg-info
writing ../../build/four_wheel_bot_description/four_wheel_bot_description.egg-info/PKG-INFO
writing dependency_links to ../../build/four_wheel_bot_description/four_wheel_bot_description.egg-info/dependency_links.txt
writing requirements to ../../build/four_wheel_bot_description/four_wheel_bot_description.egg-info/requires.txt
writing top-level names to ../../build/four_wheel_bot_description/four_wheel_bot_description.egg-info/top_level.txt
writing manifest file '../../build/four_wheel_bot_description/four_wheel_bot_description.egg-info/SOURCES.txt'
reading manifest file '../../build/four_wheel_bot_description/four_wheel_bot_description.egg-info/SOURCES.txt'
writing manifest file '../../build/four_wheel_bot_description/four_wheel_bot_description.egg-info/SOURCES.txt'
running build
running build_py
creating /home/kol/Documents/DriveBot/ws/build/four_wheel_bot_description/build
creating /home/kol/Documents/DriveBot/ws/build/four_wheel_bot_description/build/lib
creating /home/kol/Documents/DriveBot/ws/build/four_wheel_bot_description/build/lib/four_wheel_bot_description
copying four_wheel_bot_description/__init__.py -> /home/kol/Documents/DriveBot/ws/build/four_wheel_bot_description/build/lib/four_wheel_bot_description
running install
running install_lib
creating /home/kol/Documents/DriveBot/ws/install/four_wheel_bot_description/lib/python3.12/site-packages/four_wheel_bot_description
copying /home/kol/Documents/DriveBot/ws/build/four_wheel_bot_description/build/lib/four_wheel_bot_description/__init__.py -> /home/kol/Documents/DriveBot/ws/install/four_wheel_bot_description/lib/python3.12/site-packages/four_wheel_bot_description
byte-compiling /home/kol/Documents/DriveBot/ws/install/four_wheel_bot_description/lib/python3.12/site-packages/four_wheel_bot_description/__init__.py to __init__.cpython-312.pyc
running install_data
creating /home/kol/Documents/DriveBot/ws/install/four_wheel_bot_description/share/ament_index
creating /home/kol/Documents/DriveBot/ws/install/four_wheel_bot_description/share/ament_index/resource_index
creating /home/kol/Documents/DriveBot/ws/install/four_wheel_bot_description/share/ament_index/resource_index/packages
copying resource/four_wheel_bot_description -> /home/kol/Documents/DriveBot/ws/install/four_wheel_bot_description/share/ament_index/resource_index/packages
copying package.xml -> /home/kol/Documents/DriveBot/ws/install/four_wheel_bot_description/share/four_wheel_bot_description
creating /home/kol/Documents/DriveBot/ws/install/four_wheel_bot_description/share/four_wheel_bot_description/launch
copying launch/display.launch.py -> /home/kol/Documents/DriveBot/ws/install/four_wheel_bot_description/share/four_wheel_bot_description/launch
creating /home/kol/Documents/DriveBot/ws/install/four_wheel_bot_description/share/four_wheel_bot_description/urdf
copying urdf/materials.xacro -> /home/kol/Documents/DriveBot/ws/install/four_wheel_bot_description/share/four_wheel_bot_description/urdf
copying urdf/schematic.png -> /home/kol/Documents/DriveBot/ws/install/four_wheel_bot_description/share/four_wheel_bot_description/urdf
copying urdf/four_wheel_bot.xacro -> /home/kol/Documents/DriveBot/ws/install/four_wheel_bot_description/share/four_wheel_bot_description/urdf
copying urdf/ros2_control.xacro -> /home/kol/Documents/DriveBot/ws/install/four_wheel_bot_description/share/four_wheel_bot_description/urdf
copying urdf/four_wheel_bot.trans -> /home/kol/Documents/DriveBot/ws/install/four_wheel_bot_description/share/four_wheel_bot_description/urdf
creating /home/kol/Documents/DriveBot/ws/install/four_wheel_bot_description/share/four_wheel_bot_description/meshes
copying meshes/base_link.stl -> /home/kol/Documents/DriveBot/ws/install/four_wheel_bot_description/share/four_wheel_bot_description/meshes
copying meshes/camera_sensor_1.stl -> /home/kol/Documents/DriveBot/ws/install/four_wheel_bot_description/share/four_wheel_bot_description/meshes
copying meshes/right_back_wheel_1.stl -> /home/kol/Documents/DriveBot/ws/install/four_wheel_bot_description/share/four_wheel_bot_description/meshes
copying meshes/lidar_sensor_1.stl -> /home/kol/Documents/DriveBot/ws/install/four_wheel_bot_description/share/four_wheel_bot_description/meshes
copying meshes/left_front_wheel_1.stl -> /home/kol/Documents/DriveBot/ws/install/four_wheel_bot_description/share/four_wheel_bot_description/meshes
copying meshes/left_back_wheel_1.stl -> /home/kol/Documents/DriveBot/ws/install/four_wheel_bot_description/share/four_wheel_bot_description/meshes
copying meshes/right_front_wheel_1.stl -> /home/kol/Documents/DriveBot/ws/install/four_wheel_bot_description/share/four_wheel_bot_description/meshes
creating /home/kol/Documents/DriveBot/ws/install/four_wheel_bot_description/share/four_wheel_bot_description/config
copying config/my_configs.yaml -> /home/kol/Documents/DriveBot/ws/install/four_wheel_bot_description/share/four_wheel_bot_description/config
copying config/display.rviz -> /home/kol/Documents/DriveBot/ws/install/four_wheel_bot_description/share/four_wheel_bot_description/config
running install_egg_info
Copying ../../build/four_wheel_bot_description/four_wheel_bot_description.egg-info to /home/kol/Documents/DriveBot/ws/install/four_wheel_bot_description/lib/python3.12/site-packages/four_wheel_bot_description-0.0.0-py3.12.egg-info
running install_scripts
writing list of installed files to '/home/kol/Documents/DriveBot/ws/build/four_wheel_bot_description/install.log'
