[0.997s] Invoking command in '/home/kol/Documents/DriveBot/ws/src/four_wheel_bot_description': PYTHONPATH=/home/kol/Documents/DriveBot/ws/build/four_wheel_bot_description/prefix_override:/usr/lib/python3/dist-packages/colcon_core/task/python/colcon_distutils_commands:/home/kol/Documents/DriveBot/ws/install/four_wheel_bot_description/lib/python3.12/site-packages:${PYTHONPATH} /usr/bin/python3 -W ignore:setup.py install is deprecated -W ignore:easy_install command is deprecated setup.py egg_info --egg-base ../../build/four_wheel_bot_description build --build-base /home/kol/Documents/DriveBot/ws/build/four_wheel_bot_description/build install --record /home/kol/Documents/DriveBot/ws/build/four_wheel_bot_description/install.log --single-version-externally-managed install_data
[1.370s] running egg_info
[1.370s] creating ../../build/four_wheel_bot_description/four_wheel_bot_description.egg-info
[1.396s] writing ../../build/four_wheel_bot_description/four_wheel_bot_description.egg-info/PKG-INFO
[1.397s] writing dependency_links to ../../build/four_wheel_bot_description/four_wheel_bot_description.egg-info/dependency_links.txt
[1.397s] writing requirements to ../../build/four_wheel_bot_description/four_wheel_bot_description.egg-info/requires.txt
[1.397s] writing top-level names to ../../build/four_wheel_bot_description/four_wheel_bot_description.egg-info/top_level.txt
[1.397s] writing manifest file '../../build/four_wheel_bot_description/four_wheel_bot_description.egg-info/SOURCES.txt'
[1.455s] reading manifest file '../../build/four_wheel_bot_description/four_wheel_bot_description.egg-info/SOURCES.txt'
[1.456s] writing manifest file '../../build/four_wheel_bot_description/four_wheel_bot_description.egg-info/SOURCES.txt'
[1.456s] running build
[1.456s] running build_py
[1.456s] creating /home/kol/Documents/DriveBot/ws/build/four_wheel_bot_description/build
[1.456s] creating /home/kol/Documents/DriveBot/ws/build/four_wheel_bot_description/build/lib
[1.456s] creating /home/kol/Documents/DriveBot/ws/build/four_wheel_bot_description/build/lib/four_wheel_bot_description
[1.456s] copying four_wheel_bot_description/__init__.py -> /home/kol/Documents/DriveBot/ws/build/four_wheel_bot_description/build/lib/four_wheel_bot_description
[1.457s] running install
[1.463s] running install_lib
[1.492s] creating /home/kol/Documents/DriveBot/ws/install/four_wheel_bot_description/lib/python3.12/site-packages/four_wheel_bot_description
[1.492s] copying /home/kol/Documents/DriveBot/ws/build/four_wheel_bot_description/build/lib/four_wheel_bot_description/__init__.py -> /home/kol/Documents/DriveBot/ws/install/four_wheel_bot_description/lib/python3.12/site-packages/four_wheel_bot_description
[1.493s] byte-compiling /home/kol/Documents/DriveBot/ws/install/four_wheel_bot_description/lib/python3.12/site-packages/four_wheel_bot_description/__init__.py to __init__.cpython-312.pyc
[1.493s] running install_data
[1.493s] creating /home/kol/Documents/DriveBot/ws/install/four_wheel_bot_description/share/ament_index
[1.493s] creating /home/kol/Documents/DriveBot/ws/install/four_wheel_bot_description/share/ament_index/resource_index
[1.493s] creating /home/kol/Documents/DriveBot/ws/install/four_wheel_bot_description/share/ament_index/resource_index/packages
[1.494s] copying resource/four_wheel_bot_description -> /home/kol/Documents/DriveBot/ws/install/four_wheel_bot_description/share/ament_index/resource_index/packages
[1.494s] copying package.xml -> /home/kol/Documents/DriveBot/ws/install/four_wheel_bot_description/share/four_wheel_bot_description
[1.494s] creating /home/kol/Documents/DriveBot/ws/install/four_wheel_bot_description/share/four_wheel_bot_description/launch
[1.494s] copying launch/display.launch.py -> /home/kol/Documents/DriveBot/ws/install/four_wheel_bot_description/share/four_wheel_bot_description/launch
[1.494s] creating /home/kol/Documents/DriveBot/ws/install/four_wheel_bot_description/share/four_wheel_bot_description/urdf
[1.494s] copying urdf/materials.xacro -> /home/kol/Documents/DriveBot/ws/install/four_wheel_bot_description/share/four_wheel_bot_description/urdf
[1.494s] copying urdf/schematic.png -> /home/kol/Documents/DriveBot/ws/install/four_wheel_bot_description/share/four_wheel_bot_description/urdf
[1.495s] copying urdf/four_wheel_bot.xacro -> /home/kol/Documents/DriveBot/ws/install/four_wheel_bot_description/share/four_wheel_bot_description/urdf
[1.495s] copying urdf/ros2_control.xacro -> /home/kol/Documents/DriveBot/ws/install/four_wheel_bot_description/share/four_wheel_bot_description/urdf
[1.495s] copying urdf/four_wheel_bot.trans -> /home/kol/Documents/DriveBot/ws/install/four_wheel_bot_description/share/four_wheel_bot_description/urdf
[1.495s] creating /home/kol/Documents/DriveBot/ws/install/four_wheel_bot_description/share/four_wheel_bot_description/meshes
[1.495s] copying meshes/base_link.stl -> /home/kol/Documents/DriveBot/ws/install/four_wheel_bot_description/share/four_wheel_bot_description/meshes
[1.495s] copying meshes/camera_sensor_1.stl -> /home/kol/Documents/DriveBot/ws/install/four_wheel_bot_description/share/four_wheel_bot_description/meshes
[1.496s] copying meshes/right_back_wheel_1.stl -> /home/kol/Documents/DriveBot/ws/install/four_wheel_bot_description/share/four_wheel_bot_description/meshes
[1.496s] copying meshes/lidar_sensor_1.stl -> /home/kol/Documents/DriveBot/ws/install/four_wheel_bot_description/share/four_wheel_bot_description/meshes
[1.496s] copying meshes/left_front_wheel_1.stl -> /home/kol/Documents/DriveBot/ws/install/four_wheel_bot_description/share/four_wheel_bot_description/meshes
[1.496s] copying meshes/left_back_wheel_1.stl -> /home/kol/Documents/DriveBot/ws/install/four_wheel_bot_description/share/four_wheel_bot_description/meshes
[1.496s] copying meshes/right_front_wheel_1.stl -> /home/kol/Documents/DriveBot/ws/install/four_wheel_bot_description/share/four_wheel_bot_description/meshes
[1.496s] creating /home/kol/Documents/DriveBot/ws/install/four_wheel_bot_description/share/four_wheel_bot_description/config
[1.496s] copying config/my_configs.yaml -> /home/kol/Documents/DriveBot/ws/install/four_wheel_bot_description/share/four_wheel_bot_description/config
[1.496s] copying config/display.rviz -> /home/kol/Documents/DriveBot/ws/install/four_wheel_bot_description/share/four_wheel_bot_description/config
[1.496s] running install_egg_info
[1.527s] Copying ../../build/four_wheel_bot_description/four_wheel_bot_description.egg-info to /home/kol/Documents/DriveBot/ws/install/four_wheel_bot_description/lib/python3.12/site-packages/four_wheel_bot_description-0.0.0-py3.12.egg-info
[1.527s] running install_scripts
[1.712s] writing list of installed files to '/home/kol/Documents/DriveBot/ws/build/four_wheel_bot_description/install.log'
[1.766s] Invoked command in '/home/kol/Documents/DriveBot/ws/src/four_wheel_bot_description' returned '0': PYTHONPATH=/home/kol/Documents/DriveBot/ws/build/four_wheel_bot_description/prefix_override:/usr/lib/python3/dist-packages/colcon_core/task/python/colcon_distutils_commands:/home/kol/Documents/DriveBot/ws/install/four_wheel_bot_description/lib/python3.12/site-packages:${PYTHONPATH} /usr/bin/python3 -W ignore:setup.py install is deprecated -W ignore:easy_install command is deprecated setup.py egg_info --egg-base ../../build/four_wheel_bot_description build --build-base /home/kol/Documents/DriveBot/ws/build/four_wheel_bot_description/build install --record /home/kol/Documents/DriveBot/ws/build/four_wheel_bot_description/install.log --single-version-externally-managed install_data
