[0.997s] Invoking command in '/home/kol/Documents/DriveBot/ws/src/four_wheel_bot_description': PYTHONPATH=/home/kol/Documents/DriveBot/ws/build/four_wheel_bot_description/prefix_override:/usr/lib/python3/dist-packages/colcon_core/task/python/colcon_distutils_commands:/home/kol/Documents/DriveBot/ws/install/four_wheel_bot_description/lib/python3.12/site-packages:${PYTHONPATH} /usr/bin/python3 -W ignore:setup.py install is deprecated -W ignore:easy_install command is deprecated setup.py egg_info --egg-base ../../build/four_wheel_bot_description build --build-base /home/kol/Documents/DriveBot/ws/build/four_wheel_bot_description/build install --record /home/kol/Documents/DriveBot/ws/build/four_wheel_bot_description/install.log --single-version-externally-managed install_data
[1.353s] running egg_info
[1.379s] writing ../../build/four_wheel_bot_description/four_wheel_bot_description.egg-info/PKG-INFO
[1.379s] writing dependency_links to ../../build/four_wheel_bot_description/four_wheel_bot_description.egg-info/dependency_links.txt
[1.379s] writing requirements to ../../build/four_wheel_bot_description/four_wheel_bot_description.egg-info/requires.txt
[1.379s] writing top-level names to ../../build/four_wheel_bot_description/four_wheel_bot_description.egg-info/top_level.txt
[1.435s] reading manifest file '../../build/four_wheel_bot_description/four_wheel_bot_description.egg-info/SOURCES.txt'
[1.436s] writing manifest file '../../build/four_wheel_bot_description/four_wheel_bot_description.egg-info/SOURCES.txt'
[1.436s] running build
[1.436s] running build_py
[1.436s] running install
[1.443s] running install_lib
[1.470s] running install_data
[1.470s] copying launch/display.launch.py -> /home/kol/Documents/DriveBot/ws/install/four_wheel_bot_description/share/four_wheel_bot_description/launch
[1.470s] running install_egg_info
[1.497s] removing '/home/kol/Documents/DriveBot/ws/install/four_wheel_bot_description/lib/python3.12/site-packages/four_wheel_bot_description-0.0.0-py3.12.egg-info' (and everything under it)
[1.497s] Copying ../../build/four_wheel_bot_description/four_wheel_bot_description.egg-info to /home/kol/Documents/DriveBot/ws/install/four_wheel_bot_description/lib/python3.12/site-packages/four_wheel_bot_description-0.0.0-py3.12.egg-info
[1.498s] running install_scripts
[1.671s] writing list of installed files to '/home/kol/Documents/DriveBot/ws/build/four_wheel_bot_description/install.log'
[1.702s] Invoked command in '/home/kol/Documents/DriveBot/ws/src/four_wheel_bot_description' returned '0': PYTHONPATH=/home/kol/Documents/DriveBot/ws/build/four_wheel_bot_description/prefix_override:/usr/lib/python3/dist-packages/colcon_core/task/python/colcon_distutils_commands:/home/kol/Documents/DriveBot/ws/install/four_wheel_bot_description/lib/python3.12/site-packages:${PYTHONPATH} /usr/bin/python3 -W ignore:setup.py install is deprecated -W ignore:easy_install command is deprecated setup.py egg_info --egg-base ../../build/four_wheel_bot_description build --build-base /home/kol/Documents/DriveBot/ws/build/four_wheel_bot_description/build install --record /home/kol/Documents/DriveBot/ws/build/four_wheel_bot_description/install.log --single-version-externally-managed install_data
