/home/kol/Documents/DriveBot/ws/install/four_wheel_bot_description/lib/python3.12/site-packages/four_wheel_bot_description/__init__.py
/home/kol/Documents/DriveBot/ws/install/four_wheel_bot_description/lib/python3.12/site-packages/four_wheel_bot_description/__pycache__/__init__.cpython-312.pyc
/home/kol/Documents/DriveBot/ws/install/four_wheel_bot_description/share/ament_index/resource_index/packages/four_wheel_bot_description
/home/kol/Documents/DriveBot/ws/install/four_wheel_bot_description/share/four_wheel_bot_description/package.xml
/home/kol/Documents/DriveBot/ws/install/four_wheel_bot_description/share/four_wheel_bot_description/launch/display.launch.py
/home/kol/Documents/DriveBot/ws/install/four_wheel_bot_description/share/four_wheel_bot_description/urdf/materials.xacro
/home/kol/Documents/DriveBot/ws/install/four_wheel_bot_description/share/four_wheel_bot_description/urdf/schematic.png
/home/kol/Documents/DriveBot/ws/install/four_wheel_bot_description/share/four_wheel_bot_description/urdf/four_wheel_bot.xacro
/home/kol/Documents/DriveBot/ws/install/four_wheel_bot_description/share/four_wheel_bot_description/urdf/ros2_control.xacro
/home/kol/Documents/DriveBot/ws/install/four_wheel_bot_description/share/four_wheel_bot_description/urdf/four_wheel_bot.trans
/home/kol/Documents/DriveBot/ws/install/four_wheel_bot_description/share/four_wheel_bot_description/meshes/base_link.stl
/home/kol/Documents/DriveBot/ws/install/four_wheel_bot_description/share/four_wheel_bot_description/meshes/camera_sensor_1.stl
/home/kol/Documents/DriveBot/ws/install/four_wheel_bot_description/share/four_wheel_bot_description/meshes/right_back_wheel_1.stl
/home/kol/Documents/DriveBot/ws/install/four_wheel_bot_description/share/four_wheel_bot_description/meshes/lidar_sensor_1.stl
/home/kol/Documents/DriveBot/ws/install/four_wheel_bot_description/share/four_wheel_bot_description/meshes/left_front_wheel_1.stl
/home/kol/Documents/DriveBot/ws/install/four_wheel_bot_description/share/four_wheel_bot_description/meshes/left_back_wheel_1.stl
/home/kol/Documents/DriveBot/ws/install/four_wheel_bot_description/share/four_wheel_bot_description/meshes/right_front_wheel_1.stl
/home/kol/Documents/DriveBot/ws/install/four_wheel_bot_description/share/four_wheel_bot_description/config/my_configs.yaml
/home/kol/Documents/DriveBot/ws/install/four_wheel_bot_description/share/four_wheel_bot_description/config/display.rviz
/home/kol/Documents/DriveBot/ws/install/four_wheel_bot_description/lib/python3.12/site-packages/four_wheel_bot_description-0.0.0-py3.12.egg-info/SOURCES.txt
/home/kol/Documents/DriveBot/ws/install/four_wheel_bot_description/lib/python3.12/site-packages/four_wheel_bot_description-0.0.0-py3.12.egg-info/PKG-INFO
/home/kol/Documents/DriveBot/ws/install/four_wheel_bot_description/lib/python3.12/site-packages/four_wheel_bot_description-0.0.0-py3.12.egg-info/dependency_links.txt
/home/kol/Documents/DriveBot/ws/install/four_wheel_bot_description/lib/python3.12/site-packages/four_wheel_bot_description-0.0.0-py3.12.egg-info/top_level.txt
/home/kol/Documents/DriveBot/ws/install/four_wheel_bot_description/lib/python3.12/site-packages/four_wheel_bot_description-0.0.0-py3.12.egg-info/zip-safe
/home/kol/Documents/DriveBot/ws/install/four_wheel_bot_description/lib/python3.12/site-packages/four_wheel_bot_description-0.0.0-py3.12.egg-info/requires.txt
